<?xml version="1.0" encoding="UTF-8"?>
<testsuite name="MIS Leave Management Activities &gt; Apply" tests="6" skipped="0" failures="3" errors="0" timestamp="2022-12-29T17:43:14" hostname="GEMGN-220029" time="443.081">
  <properties/>
  <testcase name="Navigate to Leave Management &gt; WFH tab" classname="MIS Leave Management Activities &gt; Apply" time="77.589"/>
  <testcase name="Verify field is Auto Populated by default in WFH tab" classname="MIS Leave Management Activities &gt; Apply" time="70.244"/>
  <testcase name="Verify WFH Date and WFH Reason are mandatory fields" classname="MIS Leave Management Activities &gt; Apply" time="78.935"/>
  <testcase name="Select Date from WFH Date dropdown" classname="MIS Leave Management Activities &gt; Apply" time="72.072">
    <failure message="org.openqa.selenium.NoSuchElementException: Cannot locate option with text: null/30/2022&#10;For documentation on this error, please visit: https://selenium.dev/exceptions/#no_such_element&#10;Build info: version: '4.1.4', revision: '535d840ee2'&#10;System info: host: 'GEMGN-220029', ip: '192.168.1.6', os.name: 'Windows 10', os.arch: 'amd64', os.version: '10.0', java.version: '11.0.14.1'&#10;Driver info: driver.version: unknown" type="org.openqa.selenium.NoSuchElementException">org.openqa.selenium.NoSuchElementException: Cannot locate option with text: null/30/2022
For documentation on this error, please visit: https://selenium.dev/exceptions/#no_such_element
Build info: version: '4.1.4', revision: '535d840ee2'
System info: host: 'GEMGN-220029', ip: '192.168.1.6', os.name: 'Windows 10', os.arch: 'amd64', os.version: '10.0', java.version: '11.0.14.1'
Driver info: driver.version: unknown
	at app//org.openqa.selenium.support.ui.Select.selectByVisibleText(Select.java:151)
	at app//net.thucydides.core.pages.components.Dropdown.select(Dropdown.java:36)
	at app//net.serenitybdd.core.pages.PageObject.selectFromDropdown(PageObject.java:631)
	at app//com.gemini.mis.implementations.LeaveImplementation.selectDateFromDropdown(LeaveImplementation.java:365)
	at app//com.gemini.mis.implementations.LeaveImplementation.selectDate(LeaveImplementation.java:699)
	at app//com.gemini.mis.pages.LeaveManagementPage.selectDate(LeaveManagementPage.java:274)
	at app//com.gemini.mis.pages.LeaveManagementPage$ByteBuddy$GQNsZ8He.selectDate$accessor$EUw7Hirw(Unknown Source)
	at java.base@11.0.14.1/jdk.internal.reflect.NativeMethodAccessorImpl.invoke0(Native Method)
	at java.base@11.0.14.1/jdk.internal.reflect.NativeMethodAccessorImpl.invoke(NativeMethodAccessorImpl.java:62)
	at java.base@11.0.14.1/jdk.internal.reflect.DelegatingMethodAccessorImpl.invoke(DelegatingMethodAccessorImpl.java:43)
	at java.base@11.0.14.1/java.lang.reflect.Method.invoke(Method.java:566)
	at app//net.thucydides.core.steps.StepInterceptor.invokeMethod(StepInterceptor.java:503)
	at app//net.thucydides.core.steps.StepInterceptor.executeTestStepMethod(StepInterceptor.java:483)
	at app//net.thucydides.core.steps.StepInterceptor.runTestStep(StepInterceptor.java:457)
	at app//net.thucydides.core.steps.StepInterceptor.runOrSkipMethod(StepInterceptor.java:209)
	at app//net.thucydides.core.steps.StepInterceptor.testStepResult(StepInterceptor.java:196)
	at app//net.thucydides.core.steps.StepInterceptor.intercept(StepInterceptor.java:84)
	at app//net.thucydides.core.steps.ProxyConfiguration$InterceptorDispatcher.intercept(ProxyConfiguration.java:51)
	at app//com.gemini.mis.pages.LeaveManagementPage$ByteBuddy$GQNsZ8He.selectDate(Unknown Source)
	at app//com.gemini.mis.stepdefinitions.LeaveManagementSteps.selectDateFromDateDropdown(LeaveManagementSteps.java:145)
	at ✽.Select date from &quot;Work From Home&quot; date dropdown(file:///C:/Users/ta.agarwal/Desktop/MISAutomation/src/test/resources/features/ApplyWFH.feature:63)
</failure>
  </testcase>
  <testcase name="Enter reason for WFH" classname="MIS Leave Management Activities &gt; Apply" time="72.151">
    <failure message="org.openqa.selenium.NoSuchElementException: Cannot locate option with text: null/30/2022&#10;For documentation on this error, please visit: https://selenium.dev/exceptions/#no_such_element&#10;Build info: version: '4.1.4', revision: '535d840ee2'&#10;System info: host: 'GEMGN-220029', ip: '192.168.1.6', os.name: 'Windows 10', os.arch: 'amd64', os.version: '10.0', java.version: '11.0.14.1'&#10;Driver info: driver.version: unknown" type="org.openqa.selenium.NoSuchElementException">org.openqa.selenium.NoSuchElementException: Cannot locate option with text: null/30/2022
For documentation on this error, please visit: https://selenium.dev/exceptions/#no_such_element
Build info: version: '4.1.4', revision: '535d840ee2'
System info: host: 'GEMGN-220029', ip: '192.168.1.6', os.name: 'Windows 10', os.arch: 'amd64', os.version: '10.0', java.version: '11.0.14.1'
Driver info: driver.version: unknown
	at app//org.openqa.selenium.support.ui.Select.selectByVisibleText(Select.java:151)
	at app//net.thucydides.core.pages.components.Dropdown.select(Dropdown.java:36)
	at app//net.serenitybdd.core.pages.PageObject.selectFromDropdown(PageObject.java:631)
	at app//com.gemini.mis.implementations.LeaveImplementation.selectDateFromDropdown(LeaveImplementation.java:365)
	at app//com.gemini.mis.implementations.LeaveImplementation.selectDate(LeaveImplementation.java:699)
	at app//com.gemini.mis.pages.LeaveManagementPage.selectDate(LeaveManagementPage.java:274)
	at app//com.gemini.mis.pages.LeaveManagementPage$ByteBuddy$GQNsZ8He.selectDate$accessor$EUw7Hirw(Unknown Source)
	at java.base@11.0.14.1/jdk.internal.reflect.NativeMethodAccessorImpl.invoke0(Native Method)
	at java.base@11.0.14.1/jdk.internal.reflect.NativeMethodAccessorImpl.invoke(NativeMethodAccessorImpl.java:62)
	at java.base@11.0.14.1/jdk.internal.reflect.DelegatingMethodAccessorImpl.invoke(DelegatingMethodAccessorImpl.java:43)
	at java.base@11.0.14.1/java.lang.reflect.Method.invoke(Method.java:566)
	at app//net.thucydides.core.steps.StepInterceptor.invokeMethod(StepInterceptor.java:503)
	at app//net.thucydides.core.steps.StepInterceptor.executeTestStepMethod(StepInterceptor.java:483)
	at app//net.thucydides.core.steps.StepInterceptor.runTestStep(StepInterceptor.java:457)
	at app//net.thucydides.core.steps.StepInterceptor.runOrSkipMethod(StepInterceptor.java:209)
	at app//net.thucydides.core.steps.StepInterceptor.testStepResult(StepInterceptor.java:196)
	at app//net.thucydides.core.steps.StepInterceptor.intercept(StepInterceptor.java:84)
	at app//net.thucydides.core.steps.ProxyConfiguration$InterceptorDispatcher.intercept(ProxyConfiguration.java:51)
	at app//com.gemini.mis.pages.LeaveManagementPage$ByteBuddy$GQNsZ8He.selectDate(Unknown Source)
	at app//com.gemini.mis.stepdefinitions.LeaveManagementSteps.selectDateFromDateDropdown(LeaveManagementSteps.java:145)
	at ✽.Select date from &quot;Work From Home&quot; date dropdown(file:///C:/Users/ta.agarwal/Desktop/MISAutomation/src/test/resources/features/ApplyWFH.feature:81)
</failure>
  </testcase>
  <testcase name="Enter required data and click on Submit WFH" classname="MIS Leave Management Activities &gt; Apply" time="72.09">
    <failure message="org.openqa.selenium.NoSuchElementException: Cannot locate option with text: null/30/2022&#10;For documentation on this error, please visit: https://selenium.dev/exceptions/#no_such_element&#10;Build info: version: '4.1.4', revision: '535d840ee2'&#10;System info: host: 'GEMGN-220029', ip: '192.168.1.6', os.name: 'Windows 10', os.arch: 'amd64', os.version: '10.0', java.version: '11.0.14.1'&#10;Driver info: driver.version: unknown" type="org.openqa.selenium.NoSuchElementException">org.openqa.selenium.NoSuchElementException: Cannot locate option with text: null/30/2022
For documentation on this error, please visit: https://selenium.dev/exceptions/#no_such_element
Build info: version: '4.1.4', revision: '535d840ee2'
System info: host: 'GEMGN-220029', ip: '192.168.1.6', os.name: 'Windows 10', os.arch: 'amd64', os.version: '10.0', java.version: '11.0.14.1'
Driver info: driver.version: unknown
	at app//org.openqa.selenium.support.ui.Select.selectByVisibleText(Select.java:151)
	at app//net.thucydides.core.pages.components.Dropdown.select(Dropdown.java:36)
	at app//net.serenitybdd.core.pages.PageObject.selectFromDropdown(PageObject.java:631)
	at app//com.gemini.mis.implementations.LeaveImplementation.selectDateFromDropdown(LeaveImplementation.java:365)
	at app//com.gemini.mis.implementations.LeaveImplementation.selectDate(LeaveImplementation.java:699)
	at app//com.gemini.mis.pages.LeaveManagementPage.selectDate(LeaveManagementPage.java:274)
	at app//com.gemini.mis.pages.LeaveManagementPage$ByteBuddy$GQNsZ8He.selectDate$accessor$EUw7Hirw(Unknown Source)
	at java.base@11.0.14.1/jdk.internal.reflect.NativeMethodAccessorImpl.invoke0(Native Method)
	at java.base@11.0.14.1/jdk.internal.reflect.NativeMethodAccessorImpl.invoke(NativeMethodAccessorImpl.java:62)
	at java.base@11.0.14.1/jdk.internal.reflect.DelegatingMethodAccessorImpl.invoke(DelegatingMethodAccessorImpl.java:43)
	at java.base@11.0.14.1/java.lang.reflect.Method.invoke(Method.java:566)
	at app//net.thucydides.core.steps.StepInterceptor.invokeMethod(StepInterceptor.java:503)
	at app//net.thucydides.core.steps.StepInterceptor.executeTestStepMethod(StepInterceptor.java:483)
	at app//net.thucydides.core.steps.StepInterceptor.runTestStep(StepInterceptor.java:457)
	at app//net.thucydides.core.steps.StepInterceptor.runOrSkipMethod(StepInterceptor.java:209)
	at app//net.thucydides.core.steps.StepInterceptor.testStepResult(StepInterceptor.java:196)
	at app//net.thucydides.core.steps.StepInterceptor.intercept(StepInterceptor.java:84)
	at app//net.thucydides.core.steps.ProxyConfiguration$InterceptorDispatcher.intercept(ProxyConfiguration.java:51)
	at app//com.gemini.mis.pages.LeaveManagementPage$ByteBuddy$GQNsZ8He.selectDate(Unknown Source)
	at app//com.gemini.mis.stepdefinitions.LeaveManagementSteps.selectDateFromDateDropdown(LeaveManagementSteps.java:145)
	at ✽.Select date from &quot;Work From Home&quot; date dropdown(file:///C:/Users/ta.agarwal/Desktop/MISAutomation/src/test/resources/features/ApplyWFH.feature:99)
</failure>
  </testcase>
  <system-out><![CDATA[]]></system-out>
  <system-err><![CDATA[Starting ChromeDriver 108.0.5359.71 (1e0e3868ee06e91ad636a874420e3ca3ae3756ac-refs/branch-heads/5359@{#1016}) on port 62184
Only local connections are allowed.
Please see https://chromedriver.chromium.org/security-considerations for suggestions on keeping ChromeDriver safe.
ChromeDriver was started successfully.
Dec 29, 2022 11:13:22 PM org.openqa.selenium.remote.ProtocolHandshake createSession
INFO: Detected dialect: W3C
Dec 29, 2022 11:13:22 PM org.openqa.selenium.devtools.CdpVersionFinder findNearestMatch
WARNING: Unable to find an exact match for CDP version 108, so returning the closest version found: a no-op implementation
Dec 29, 2022 11:13:22 PM org.openqa.selenium.devtools.CdpVersionFinder findNearestMatch
INFO: Unable to find CDP implementation matching 108.
Dec 29, 2022 11:13:22 PM org.openqa.selenium.chromium.ChromiumDriver lambda$new$3
WARNING: Unable to find version of CDP to use for . You may need to include a dependency on a specific version of the CDP using something similar to `org.seleniumhq.selenium:selenium-devtools-v86:4.1.4` where the version ("v86") matches the version of the chromium-based browser you're using and the version number of the artifact is the same as Selenium's.
Starting ChromeDriver 108.0.5359.71 (1e0e3868ee06e91ad636a874420e3ca3ae3756ac-refs/branch-heads/5359@{#1016}) on port 53438
Only local connections are allowed.
Please see https://chromedriver.chromium.org/security-considerations for suggestions on keeping ChromeDriver safe.
ChromeDriver was started successfully.
Dec 29, 2022 11:14:33 PM org.openqa.selenium.remote.ProtocolHandshake createSession
INFO: Detected dialect: W3C
Dec 29, 2022 11:14:33 PM org.openqa.selenium.devtools.CdpVersionFinder findNearestMatch
WARNING: Unable to find an exact match for CDP version 108, so returning the closest version found: a no-op implementation
Dec 29, 2022 11:14:33 PM org.openqa.selenium.devtools.CdpVersionFinder findNearestMatch
INFO: Unable to find CDP implementation matching 108.
Dec 29, 2022 11:14:33 PM org.openqa.selenium.chromium.ChromiumDriver lambda$new$3
WARNING: Unable to find version of CDP to use for . You may need to include a dependency on a specific version of the CDP using something similar to `org.seleniumhq.selenium:selenium-devtools-v86:4.1.4` where the version ("v86") matches the version of the chromium-based browser you're using and the version number of the artifact is the same as Selenium's.
Starting ChromeDriver 108.0.5359.71 (1e0e3868ee06e91ad636a874420e3ca3ae3756ac-refs/branch-heads/5359@{#1016}) on port 57669
Only local connections are allowed.
Please see https://chromedriver.chromium.org/security-considerations for suggestions on keeping ChromeDriver safe.
ChromeDriver was started successfully.
Dec 29, 2022 11:15:44 PM org.openqa.selenium.remote.ProtocolHandshake createSession
INFO: Detected dialect: W3C
Dec 29, 2022 11:15:44 PM org.openqa.selenium.devtools.CdpVersionFinder findNearestMatch
WARNING: Unable to find an exact match for CDP version 108, so returning the closest version found: a no-op implementation
Dec 29, 2022 11:15:44 PM org.openqa.selenium.devtools.CdpVersionFinder findNearestMatch
INFO: Unable to find CDP implementation matching 108.
Dec 29, 2022 11:15:44 PM org.openqa.selenium.chromium.ChromiumDriver lambda$new$3
WARNING: Unable to find version of CDP to use for . You may need to include a dependency on a specific version of the CDP using something similar to `org.seleniumhq.selenium:selenium-devtools-v86:4.1.4` where the version ("v86") matches the version of the chromium-based browser you're using and the version number of the artifact is the same as Selenium's.
Starting ChromeDriver 108.0.5359.71 (1e0e3868ee06e91ad636a874420e3ca3ae3756ac-refs/branch-heads/5359@{#1016}) on port 50731
Only local connections are allowed.
Please see https://chromedriver.chromium.org/security-considerations for suggestions on keeping ChromeDriver safe.
ChromeDriver was started successfully.
Dec 29, 2022 11:17:02 PM org.openqa.selenium.remote.ProtocolHandshake createSession
INFO: Detected dialect: W3C
Dec 29, 2022 11:17:02 PM org.openqa.selenium.devtools.CdpVersionFinder findNearestMatch
WARNING: Unable to find an exact match for CDP version 108, so returning the closest version found: a no-op implementation
Dec 29, 2022 11:17:02 PM org.openqa.selenium.devtools.CdpVersionFinder findNearestMatch
INFO: Unable to find CDP implementation matching 108.
Dec 29, 2022 11:17:02 PM org.openqa.selenium.chromium.ChromiumDriver lambda$new$3
WARNING: Unable to find version of CDP to use for . You may need to include a dependency on a specific version of the CDP using something similar to `org.seleniumhq.selenium:selenium-devtools-v86:4.1.4` where the version ("v86") matches the version of the chromium-based browser you're using and the version number of the artifact is the same as Selenium's.
Starting ChromeDriver 108.0.5359.71 (1e0e3868ee06e91ad636a874420e3ca3ae3756ac-refs/branch-heads/5359@{#1016}) on port 59148
Only local connections are allowed.
Please see https://chromedriver.chromium.org/security-considerations for suggestions on keeping ChromeDriver safe.
ChromeDriver was started successfully.
Dec 29, 2022 11:18:15 PM org.openqa.selenium.remote.ProtocolHandshake createSession
INFO: Detected dialect: W3C
Dec 29, 2022 11:18:15 PM org.openqa.selenium.devtools.CdpVersionFinder findNearestMatch
WARNING: Unable to find an exact match for CDP version 108, so returning the closest version found: a no-op implementation
Dec 29, 2022 11:18:15 PM org.openqa.selenium.devtools.CdpVersionFinder findNearestMatch
INFO: Unable to find CDP implementation matching 108.
Dec 29, 2022 11:18:15 PM org.openqa.selenium.chromium.ChromiumDriver lambda$new$3
WARNING: Unable to find version of CDP to use for . You may need to include a dependency on a specific version of the CDP using something similar to `org.seleniumhq.selenium:selenium-devtools-v86:4.1.4` where the version ("v86") matches the version of the chromium-based browser you're using and the version number of the artifact is the same as Selenium's.
Starting ChromeDriver 108.0.5359.71 (1e0e3868ee06e91ad636a874420e3ca3ae3756ac-refs/branch-heads/5359@{#1016}) on port 63940
Only local connections are allowed.
Please see https://chromedriver.chromium.org/security-considerations for suggestions on keeping ChromeDriver safe.
ChromeDriver was started successfully.
Dec 29, 2022 11:19:27 PM org.openqa.selenium.remote.ProtocolHandshake createSession
INFO: Detected dialect: W3C
Dec 29, 2022 11:19:27 PM org.openqa.selenium.devtools.CdpVersionFinder findNearestMatch
WARNING: Unable to find an exact match for CDP version 108, so returning the closest version found: a no-op implementation
Dec 29, 2022 11:19:27 PM org.openqa.selenium.devtools.CdpVersionFinder findNearestMatch
INFO: Unable to find CDP implementation matching 108.
Dec 29, 2022 11:19:27 PM org.openqa.selenium.chromium.ChromiumDriver lambda$new$3
WARNING: Unable to find version of CDP to use for . You may need to include a dependency on a specific version of the CDP using something similar to `org.seleniumhq.selenium:selenium-devtools-v86:4.1.4` where the version ("v86") matches the version of the chromium-based browser you're using and the version number of the artifact is the same as Selenium's.
]]></system-err>
</testsuite>
