<!DOCTYPE html>
<html>
<head>
<meta http-equiv="Content-Type" content="text/html; charset=utf-8"/>
<meta http-equiv="x-ua-compatible" content="IE=edge"/>
<title>Test results - Class MIS Leave Management Activities #5</title>
<link href="../css/base-style.css" rel="stylesheet" type="text/css"/>
<link href="../css/style.css" rel="stylesheet" type="text/css"/>
<script src="../js/report.js" type="text/javascript"></script>
</head>
<body>
<div id="content">
<h1>Class MIS Leave Management Activities #5</h1>
<div class="breadcrumbs">
<a href="../index.html">all</a> &gt; 
<a href="../packages/default-package.html">default-package</a> &gt; MIS Leave Management Activities #5</div>
<div id="summary">
<table>
<tr>
<td>
<div class="summaryGroup">
<table>
<tr>
<td>
<div class="infoBox" id="tests">
<div class="counter">6</div>
<p>tests</p>
</div>
</td>
<td>
<div class="infoBox" id="failures">
<div class="counter">3</div>
<p>failures</p>
</div>
</td>
<td>
<div class="infoBox" id="ignored">
<div class="counter">0</div>
<p>ignored</p>
</div>
</td>
<td>
<div class="infoBox" id="duration">
<div class="counter">7m23.94s</div>
<p>duration</p>
</div>
</td>
</tr>
</table>
</div>
</td>
<td>
<div class="infoBox failures" id="successRate">
<div class="percent">50%</div>
<p>successful</p>
</div>
</td>
</tr>
</table>
</div>
<div id="tabs">
<ul class="tabLinks">
<li>
<a href="#tab0">Failed tests</a>
</li>
<li>
<a href="#tab1">Tests</a>
</li>
<li>
<a href="#tab2">Standard error</a>
</li>
</ul>
<div id="tab0" class="tab">
<h2>Failed tests</h2>
<div class="test">
<a name="Enter reason for WFH"></a>
<h3 class="failures">Enter reason for WFH</h3>
<span class="code">
<pre>org.openqa.selenium.NoSuchElementException: Cannot locate element with text: 10/15/2022
For documentation on this error, please visit: https://www.seleniumhq.org/exceptions/no_such_element.html
Build info: version: '3.141.59', revision: 'e82be7d358', time: '2018-11-14T08:17:03'
System info: host: 'GEMPK-200035', ip: '172.20.10.2', os.name: 'Windows 10', os.arch: 'amd64', os.version: '10.0', java.version: '1.8.0_333'
Driver info: driver.version: unknown
	at org.openqa.selenium.support.ui.Select.selectByVisibleText(Select.java:147)
	at net.thucydides.core.pages.components.Dropdown.select(Dropdown.java:36)
	at net.serenitybdd.core.pages.PageObject.selectFromDropdown(PageObject.java:556)
	at com.gemini.mis.implementations.LeaveImplementation.selectDateFromDropdown(LeaveImplementation.java:365)
	at com.gemini.mis.implementations.LeaveImplementation.selectDate(LeaveImplementation.java:699)
	at com.gemini.mis.pages.LeaveManagementPage.selectDate(LeaveManagementPage.java:274)
	at com.gemini.mis.pages.LeaveManagementPage$ByteBuddy$t5I2Wnxw.selectDate$accessor$Xq3mLmrU(Unknown Source)
	at sun.reflect.NativeMethodAccessorImpl.invoke0(Native Method)
	at sun.reflect.NativeMethodAccessorImpl.invoke(NativeMethodAccessorImpl.java:62)
	at sun.reflect.DelegatingMethodAccessorImpl.invoke(DelegatingMethodAccessorImpl.java:43)
	at java.lang.reflect.Method.invoke(Method.java:498)
	at net.thucydides.core.steps.StepInterceptor.invokeMethod(StepInterceptor.java:504)
	at net.thucydides.core.steps.StepInterceptor.executeTestStepMethod(StepInterceptor.java:484)
	at net.thucydides.core.steps.StepInterceptor.runTestStep(StepInterceptor.java:458)
	at net.thucydides.core.steps.StepInterceptor.runOrSkipMethod(StepInterceptor.java:210)
	at net.thucydides.core.steps.StepInterceptor.testStepResult(StepInterceptor.java:197)
	at net.thucydides.core.steps.StepInterceptor.intercept(StepInterceptor.java:85)
	at net.thucydides.core.steps.ProxyConfiguration$InterceptorDispatcher.intercept(ProxyConfiguration.java:51)
	at com.gemini.mis.pages.LeaveManagementPage$ByteBuddy$t5I2Wnxw.selectDate(Unknown Source)
	at com.gemini.mis.stepdefinitions.LeaveManagementSteps.selectDateFromDateDropdown(LeaveManagementSteps.java:145)
	at ✽.Select date from &quot;Work From Home&quot; date dropdown(file:///C:/Users/ja.multani/IdeaProjects/MISBetaAutomation/src/test/resources/features/ApplyWFH.feature:65)
</pre>
</span>
</div>
<div class="test">
<a name="Enter required data and click on Submit WFH"></a>
<h3 class="failures">Enter required data and click on Submit WFH</h3>
<span class="code">
<pre>org.openqa.selenium.NoSuchElementException: Cannot locate element with text: 10/15/2022
For documentation on this error, please visit: https://www.seleniumhq.org/exceptions/no_such_element.html
Build info: version: '3.141.59', revision: 'e82be7d358', time: '2018-11-14T08:17:03'
System info: host: 'GEMPK-200035', ip: '172.20.10.2', os.name: 'Windows 10', os.arch: 'amd64', os.version: '10.0', java.version: '1.8.0_333'
Driver info: driver.version: unknown
	at org.openqa.selenium.support.ui.Select.selectByVisibleText(Select.java:147)
	at net.thucydides.core.pages.components.Dropdown.select(Dropdown.java:36)
	at net.serenitybdd.core.pages.PageObject.selectFromDropdown(PageObject.java:556)
	at com.gemini.mis.implementations.LeaveImplementation.selectDateFromDropdown(LeaveImplementation.java:365)
	at com.gemini.mis.implementations.LeaveImplementation.selectDate(LeaveImplementation.java:699)
	at com.gemini.mis.pages.LeaveManagementPage.selectDate(LeaveManagementPage.java:274)
	at com.gemini.mis.pages.LeaveManagementPage$ByteBuddy$t5I2Wnxw.selectDate$accessor$Xq3mLmrU(Unknown Source)
	at sun.reflect.NativeMethodAccessorImpl.invoke0(Native Method)
	at sun.reflect.NativeMethodAccessorImpl.invoke(NativeMethodAccessorImpl.java:62)
	at sun.reflect.DelegatingMethodAccessorImpl.invoke(DelegatingMethodAccessorImpl.java:43)
	at java.lang.reflect.Method.invoke(Method.java:498)
	at net.thucydides.core.steps.StepInterceptor.invokeMethod(StepInterceptor.java:504)
	at net.thucydides.core.steps.StepInterceptor.executeTestStepMethod(StepInterceptor.java:484)
	at net.thucydides.core.steps.StepInterceptor.runTestStep(StepInterceptor.java:458)
	at net.thucydides.core.steps.StepInterceptor.runOrSkipMethod(StepInterceptor.java:210)
	at net.thucydides.core.steps.StepInterceptor.testStepResult(StepInterceptor.java:197)
	at net.thucydides.core.steps.StepInterceptor.intercept(StepInterceptor.java:85)
	at net.thucydides.core.steps.ProxyConfiguration$InterceptorDispatcher.intercept(ProxyConfiguration.java:51)
	at com.gemini.mis.pages.LeaveManagementPage$ByteBuddy$t5I2Wnxw.selectDate(Unknown Source)
	at com.gemini.mis.stepdefinitions.LeaveManagementSteps.selectDateFromDateDropdown(LeaveManagementSteps.java:145)
	at ✽.Select date from &quot;Work From Home&quot; date dropdown(file:///C:/Users/ja.multani/IdeaProjects/MISBetaAutomation/src/test/resources/features/ApplyWFH.feature:79)
</pre>
</span>
</div>
<div class="test">
<a name="Select Date from WFH Date dropdown"></a>
<h3 class="failures">Select Date from WFH Date dropdown</h3>
<span class="code">
<pre>org.openqa.selenium.NoSuchElementException: Cannot locate element with text: 10/15/2022
For documentation on this error, please visit: https://www.seleniumhq.org/exceptions/no_such_element.html
Build info: version: '3.141.59', revision: 'e82be7d358', time: '2018-11-14T08:17:03'
System info: host: 'GEMPK-200035', ip: '172.20.10.2', os.name: 'Windows 10', os.arch: 'amd64', os.version: '10.0', java.version: '1.8.0_333'
Driver info: driver.version: unknown
	at org.openqa.selenium.support.ui.Select.selectByVisibleText(Select.java:147)
	at net.thucydides.core.pages.components.Dropdown.select(Dropdown.java:36)
	at net.serenitybdd.core.pages.PageObject.selectFromDropdown(PageObject.java:556)
	at com.gemini.mis.implementations.LeaveImplementation.selectDateFromDropdown(LeaveImplementation.java:365)
	at com.gemini.mis.implementations.LeaveImplementation.selectDate(LeaveImplementation.java:699)
	at com.gemini.mis.pages.LeaveManagementPage.selectDate(LeaveManagementPage.java:274)
	at com.gemini.mis.pages.LeaveManagementPage$ByteBuddy$t5I2Wnxw.selectDate$accessor$Xq3mLmrU(Unknown Source)
	at sun.reflect.NativeMethodAccessorImpl.invoke0(Native Method)
	at sun.reflect.NativeMethodAccessorImpl.invoke(NativeMethodAccessorImpl.java:62)
	at sun.reflect.DelegatingMethodAccessorImpl.invoke(DelegatingMethodAccessorImpl.java:43)
	at java.lang.reflect.Method.invoke(Method.java:498)
	at net.thucydides.core.steps.StepInterceptor.invokeMethod(StepInterceptor.java:504)
	at net.thucydides.core.steps.StepInterceptor.executeTestStepMethod(StepInterceptor.java:484)
	at net.thucydides.core.steps.StepInterceptor.runTestStep(StepInterceptor.java:458)
	at net.thucydides.core.steps.StepInterceptor.runOrSkipMethod(StepInterceptor.java:210)
	at net.thucydides.core.steps.StepInterceptor.testStepResult(StepInterceptor.java:197)
	at net.thucydides.core.steps.StepInterceptor.intercept(StepInterceptor.java:85)
	at net.thucydides.core.steps.ProxyConfiguration$InterceptorDispatcher.intercept(ProxyConfiguration.java:51)
	at com.gemini.mis.pages.LeaveManagementPage$ByteBuddy$t5I2Wnxw.selectDate(Unknown Source)
	at com.gemini.mis.stepdefinitions.LeaveManagementSteps.selectDateFromDateDropdown(LeaveManagementSteps.java:145)
	at ✽.Select date from &quot;Work From Home&quot; date dropdown(file:///C:/Users/ja.multani/IdeaProjects/MISBetaAutomation/src/test/resources/features/ApplyWFH.feature:52)
</pre>
</span>
</div>
</div>
<div id="tab1" class="tab">
<h2>Tests</h2>
<table>
<thead>
<tr>
<th>Test</th>
<th>Duration</th>
<th>Result</th>
</tr>
</thead>
<tr>
<td class="failures">Enter reason for WFH</td>
<td class="failures">1m13.12s</td>
<td class="failures">failed</td>
</tr>
<tr>
<td class="failures">Enter required data and click on Submit WFH</td>
<td class="failures">1m13.71s</td>
<td class="failures">failed</td>
</tr>
<tr>
<td class="success">Navigate to Leave Management &gt; WFH tab</td>
<td class="success">1m11.06s</td>
<td class="success">passed</td>
</tr>
<tr>
<td class="failures">Select Date from WFH Date dropdown</td>
<td class="failures">1m13.61s</td>
<td class="failures">failed</td>
</tr>
<tr>
<td class="success">Verify WFH Date and WFH Reason are mandatory fields</td>
<td class="success">1m21.12s</td>
<td class="success">passed</td>
</tr>
<tr>
<td class="success">Verify field is Auto Populated by default in WFH tab</td>
<td class="success">1m11.33s</td>
<td class="success">passed</td>
</tr>
</table>
</div>
<div id="tab2" class="tab">
<h2>Standard error</h2>
<span class="code">
<pre>Starting ChromeDriver 106.0.5249.61 (511755355844955cd3e264779baf0dd38212a4d0-refs/branch-heads/5249@{#569}) on port 30284
Only local connections are allowed.
Please see https://chromedriver.chromium.org/security-considerations for suggestions on keeping ChromeDriver safe.
ChromeDriver was started successfully.
Oct 14, 2022 1:33:05 AM org.openqa.selenium.remote.ProtocolHandshake createSession
INFO: Detected dialect: W3C
Starting ChromeDriver 106.0.5249.61 (511755355844955cd3e264779baf0dd38212a4d0-refs/branch-heads/5249@{#569}) on port 7006
Only local connections are allowed.
Please see https://chromedriver.chromium.org/security-considerations for suggestions on keeping ChromeDriver safe.
ChromeDriver was started successfully.
Oct 14, 2022 1:34:16 AM org.openqa.selenium.remote.ProtocolHandshake createSession
INFO: Detected dialect: W3C
Starting ChromeDriver 106.0.5249.61 (511755355844955cd3e264779baf0dd38212a4d0-refs/branch-heads/5249@{#569}) on port 3693
Only local connections are allowed.
Please see https://chromedriver.chromium.org/security-considerations for suggestions on keeping ChromeDriver safe.
ChromeDriver was started successfully.
Oct 14, 2022 1:35:27 AM org.openqa.selenium.remote.ProtocolHandshake createSession
INFO: Detected dialect: W3C
Starting ChromeDriver 106.0.5249.61 (511755355844955cd3e264779baf0dd38212a4d0-refs/branch-heads/5249@{#569}) on port 18556
Only local connections are allowed.
Please see https://chromedriver.chromium.org/security-considerations for suggestions on keeping ChromeDriver safe.
ChromeDriver was started successfully.
Oct 14, 2022 1:36:48 AM org.openqa.selenium.remote.ProtocolHandshake createSession
INFO: Detected dialect: W3C
Starting ChromeDriver 106.0.5249.61 (511755355844955cd3e264779baf0dd38212a4d0-refs/branch-heads/5249@{#569}) on port 29829
Only local connections are allowed.
Please see https://chromedriver.chromium.org/security-considerations for suggestions on keeping ChromeDriver safe.
ChromeDriver was started successfully.
Oct 14, 2022 1:38:01 AM org.openqa.selenium.remote.ProtocolHandshake createSession
INFO: Detected dialect: W3C
Starting ChromeDriver 106.0.5249.61 (511755355844955cd3e264779baf0dd38212a4d0-refs/branch-heads/5249@{#569}) on port 47400
Only local connections are allowed.
Please see https://chromedriver.chromium.org/security-considerations for suggestions on keeping ChromeDriver safe.
ChromeDriver was started successfully.
Oct 14, 2022 1:39:15 AM org.openqa.selenium.remote.ProtocolHandshake createSession
INFO: Detected dialect: W3C
</pre>
</span>
</div>
</div>
<div id="footer">
<p>
<div>
<label class="hidden" id="label-for-line-wrapping-toggle" for="line-wrapping-toggle">Wrap lines
<input id="line-wrapping-toggle" type="checkbox" autocomplete="off"/>
</label>
</div>Generated by 
<a href="http://www.gradle.org">Gradle 7.4</a> at 14 Oct, 2022 3:34:00 AM</p>
</div>
</div>
</body>
</html>
