<?xml version="1.0" encoding="UTF-8"?><testsuite errors="1" failures="1" name="MIS Leave Management Activities" skipped="0" tests="6" time="282.72" timestamp="2022-10-12 08:05:06"><testcase name="Navigate to Leave Management &gt; Apply tab"/><testcase name="Verify fields are Auto Populated by default"/><testcase name="Verify From,Till and Reason fields are mandatory"/><testcase name="Select From and Till Leave date from Calendar"/><testcase name="Verify Total Working Days tooltip"><error message="no such element: Unable to locate element: {&quot;method&quot;:&quot;xpath&quot;,&quot;selector&quot;:&quot;//a[@data.json-trigger='hover']&quot;}&#10;  (Session info: chrome=106.0.5249.103)&#10;For documentation on this error, please visit: https://selenium.dev/exceptions/#no_such_element&#10;Build info: version: '4.4.0', revision: 'e5c75ed026a'&#10;System info: host: 'GEMPK-200035', ip: '172.20.10.2', os.name: 'Windows 10', os.arch: 'amd64', os.version: '10.0', java.version: '1.8.0_333'&#10;Driver info: org.openqa.selenium.chrome.ChromeDriver&#10;Command: [9750e253573557af9b47c674269f03c5, findElement {using=xpath, value=//a[@data.json-trigger='hover']}]&#10;Capabilities {acceptInsecureCerts: false, browserName: chrome, browserVersion: 106.0.5249.103, chrome: {chromedriverVersion: 106.0.5249.61 (511755355844..., userDataDir: C:\Users\JA76C5~1.MUL\AppDa...}, goog:chromeOptions: {debuggerAddress: localhost:53852}, networkConnectionEnabled: false, pageLoadStrategy: normal, platformName: WINDOWS, proxy: Proxy(), se:cdp: ws://localhost:53852/devtoo..., se:cdpVersion: 106.0.5249.103, setWindowRect: true, strictFileInteractability: false, timeouts: {implicit: 0, pageLoad: 300000, script: 30000}, unhandledPromptBehavior: dismiss and notify, webauthn:extension:credBlob: true, webauthn:extension:largeBlob: true, webauthn:virtualAuthenticators: true}&#10;Session ID: 9750e253573557af9b47c674269f03c5&#10;For documentation on this error, please visit: https://selenium.dev/exceptions/#no_such_element&#10;Build info: version: '4.4.0', revision: 'e5c75ed026a'&#10;System info: host: 'GEMPK-200035', ip: '172.20.10.2', os.name: 'Windows 10', os.arch: 'amd64', os.version: '10.0', java.version: '1.8.0_333'&#10;Driver info: driver.version: unknown" type="org.openqa.selenium.NoSuchElementException">no such element: Unable to locate element: {"method":"xpath","selector":"//a[@data.json-trigger='hover']"}
  (Session info: chrome=106.0.5249.103)
For documentation on this error, please visit: https://selenium.dev/exceptions/#no_such_element
Build info: version: '4.4.0', revision: 'e5c75ed026a'
System info: host: 'GEMPK-200035', ip: '172.20.10.2', os.name: 'Windows 10', os.arch: 'amd64', os.version: '10.0', java.version: '1.8.0_333'
Driver info: org.openqa.selenium.chrome.ChromeDriver
Command: [9750e253573557af9b47c674269f03c5, findElement {using=xpath, value=//a[@data.json-trigger='hover']}]
Capabilities {acceptInsecureCerts: false, browserName: chrome, browserVersion: 106.0.5249.103, chrome: {chromedriverVersion: 106.0.5249.61 (511755355844..., userDataDir: C:\Users\JA76C5~1.MUL\AppDa...}, goog:chromeOptions: {debuggerAddress: localhost:53852}, networkConnectionEnabled: false, pageLoadStrategy: normal, platformName: WINDOWS, proxy: Proxy(), se:cdp: ws://localhost:53852/devtoo..., se:cdpVersion: 106.0.5249.103, setWindowRect: true, strictFileInteractability: false, timeouts: {implicit: 0, pageLoad: 300000, script: 30000}, unhandledPromptBehavior: dismiss and notify, webauthn:extension:credBlob: true, webauthn:extension:largeBlob: true, webauthn:virtualAuthenticators: true}
Session ID: 9750e253573557af9b47c674269f03c5
For documentation on this error, please visit: https://selenium.dev/exceptions/#no_such_element
Build info: version: '4.4.0', revision: 'e5c75ed026a'
System info: host: 'GEMPK-200035', ip: '172.20.10.2', os.name: 'Windows 10', os.arch: 'amd64', os.version: '10.0', java.version: '1.8.0_333'
Driver info: driver.version: unknown</error><system-err>no such element: Unable to locate element: {"method":"xpath","selector":"//a[@data.json-trigger='hover']"}
  (Session info: chrome=106.0.5249.103)
For documentation on this error, please visit: https://selenium.dev/exceptions/#no_such_element
Build info: version: '4.4.0', revision: 'e5c75ed026a'
System info: host: 'GEMPK-200035', ip: '172.20.10.2', os.name: 'Windows 10', os.arch: 'amd64', os.version: '10.0', java.version: '1.8.0_333'
Driver info: org.openqa.selenium.chrome.ChromeDriver
Command: [9750e253573557af9b47c674269f03c5, findElement {using=xpath, value=//a[@data.json-trigger='hover']}]
Capabilities {acceptInsecureCerts: false, browserName: chrome, browserVersion: 106.0.5249.103, chrome: {chromedriverVersion: 106.0.5249.61 (511755355844..., userDataDir: C:\Users\JA76C5~1.MUL\AppDa...}, goog:chromeOptions: {debuggerAddress: localhost:53852}, networkConnectionEnabled: false, pageLoadStrategy: normal, platformName: WINDOWS, proxy: Proxy(), se:cdp: ws://localhost:53852/devtoo..., se:cdpVersion: 106.0.5249.103, setWindowRect: true, strictFileInteractability: false, timeouts: {implicit: 0, pageLoad: 300000, script: 30000}, unhandledPromptBehavior: dismiss and notify, webauthn:extension:credBlob: true, webauthn:extension:largeBlob: true, webauthn:virtualAuthenticators: true}
Session ID: 9750e253573557af9b47c674269f03c5
For documentation on this error, please visit: https://selenium.dev/exceptions/#no_such_element
Build info: version: '4.4.0', revision: 'e5c75ed026a'
System info: host: 'GEMPK-200035', ip: '172.20.10.2', os.name: 'Windows 10', os.arch: 'amd64', os.version: '10.0', java.version: '1.8.0_333'
Driver info: driver.version: unknown&#13;
com.gemini.mis.implementations.LeaveImplementation.clickOn(LeaveImplementation.java:892)&#13;
com.gemini.mis.pages.LeaveManagementPage.clickOnBtn(LeaveManagementPage.java:257)&#13;
com.gemini.mis.stepdefinitions.LeaveManagementSteps.clickOnInfoIcon(LeaveManagementSteps.java:167)&#13;
✽.Click on "Total Working Days" info icon(file:///C:/Users/ja.multani/IdeaProjects/MISAutomation/src/test/resources/features/ApplyLeave.feature:61)&#13;
</system-err></testcase><testcase name="Choose leave for half day option"><failure message="Unable to verify half day options" type="java.lang.AssertionError">Unable to verify half day options</failure><system-err>Unable to verify half day options&#13;
com.gemini.mis.implementations.LeaveImplementation.halfDayOptions(LeaveImplementation.java:466)&#13;
com.gemini.mis.pages.LeaveManagementPage.halfDayOptions(LeaveManagementPage.java:114)&#13;
com.gemini.mis.stepdefinitions.LeaveManagementSteps.verifyHalfDayOptionsAreAvailable(LeaveManagementSteps.java:179)&#13;
✽.Verify "First half leave,Second half leave" half day options are available(file:///C:/Users/ja.multani/IdeaProjects/MISAutomation/src/test/resources/features/ApplyLeave.feature:75)&#13;
</system-err></testcase></testsuite>